0 info it worked if it ends with ok
1 verbose cli [ '/Users/ian/.nvm/versions/node/v4.2.6/bin/node',
1 verbose cli   '/Users/ian/.nvm/versions/node/v4.2.6/bin/npm',
1 verbose cli   'install' ]
2 info using npm@2.14.12
3 info using node@v4.2.6
4 verbose readDependencies loading dependencies from /Users/ian/Development/ocf-examples/package.json
5 error install Couldn't read dependencies
6 verbose stack Error: Failed to parse json
6 verbose stack Unexpected token '<' at 7:1
6 verbose stack <<<<<<< HEAD
6 verbose stack ^
6 verbose stack     at parseError (/Users/ian/.nvm/versions/node/v4.2.6/lib/node_modules/npm/node_modules/read-package-json/read-json.js:379:11)
6 verbose stack     at parseJson (/Users/ian/.nvm/versions/node/v4.2.6/lib/node_modules/npm/node_modules/read-package-json/read-json.js:68:23)
6 verbose stack     at /Users/ian/.nvm/versions/node/v4.2.6/lib/node_modules/npm/node_modules/read-package-json/read-json.js:48:5
6 verbose stack     at /Users/ian/.nvm/versions/node/v4.2.6/lib/node_modules/npm/node_modules/graceful-fs/graceful-fs.js:76:16
6 verbose stack     at FSReqWrap.readFileAfterClose [as oncomplete] (fs.js:380:3)
7 verbose cwd /Users/ian/Development/ocf-examples
8 error Darwin 15.6.0
9 error argv "/Users/ian/.nvm/versions/node/v4.2.6/bin/node" "/Users/ian/.nvm/versions/node/v4.2.6/bin/npm" "install"
10 error node v4.2.6
11 error npm  v2.14.12
12 error file /Users/ian/Development/ocf-examples/package.json
13 error code EJSONPARSE
14 error Failed to parse json
14 error Unexpected token '<' at 7:1
14 error <<<<<<< HEAD
14 error ^
15 error File: /Users/ian/Development/ocf-examples/package.json
16 error Failed to parse package.json data.
16 error package.json must be actual JSON, not just JavaScript.
16 error
16 error This is not a bug in npm.
16 error Tell the package author to fix their package.json file. JSON.parse
17 verbose exit [ 1, true ]
